<?xml version="1.0" encoding="UTF-8" ?>
<testsuite tests="3" failures="0" name="com.expense.estimator.EstimatorServiceTest" time="0.058" errors="0" skipped="0">
  <properties>
[...]
</properties>
  <testcase classname="com.expense.estimator.EstimatorServiceTest" name="testGetTotalEstimationForManagerWihDoubleLevel" time="0.058"/>
  <testcase classname="com.expense.estimator.EstimatorServiceTest" name="testGetTotalEstimationForManagerWihSingleLevel" time="0"/>
  <testcase classname="com.expense.estimator.EstimatorServiceTest" name="testGetTotalEstimationForDepartment" time="0"/>
</testsuite>